0 verbose cli C:\Program Files\nodejs\node.exe C:\Users\ASUS\AppData\Roaming\npm\node_modules\npm\bin\npm-cli.js
1 info using npm@11.2.0
2 info using node@v20.17.0
3 silly config load:file:C:\Users\ASUS\AppData\Roaming\npm\node_modules\npm\npmrc
4 silly config load:file:C:\Users\ASUS\purificador-app\.npmrc
5 silly config load:file:C:\Users\ASUS\.npmrc
6 silly config load:file:C:\Users\ASUS\AppData\Roaming\npm\etc\npmrc
7 verbose title npm install
8 verbose argv "install"
9 verbose logfile logs-max:10 dir:C:\Users\ASUS\purificador-app\UsersASUSAppDataLocalnpm-cache\_logs\2025-05-31T07_17_46_018Z-
10 verbose logfile C:\Users\ASUS\purificador-app\UsersASUSAppDataLocalnpm-cache\_logs\2025-05-31T07_17_46_018Z-debug-0.log
11 silly logfile start cleaning logs, removing 1 files
12 silly packumentCache heap:4345298944 maxSize:1086324736 maxEntrySize:543162368
13 silly logfile done cleaning log files
14 silly idealTree buildDeps
15 silly fetch manifest expo-linear-gradient@~14.1.4
16 silly packumentCache full:https://registry.npmjs.org/expo-linear-gradient cache-miss
17 http fetch GET 200 https://registry.npmjs.org/expo-linear-gradient 996ms (cache miss)
18 silly packumentCache full:https://registry.npmjs.org/expo-linear-gradient set size:undefined disposed:false
19 silly fetch manifest expo@~53.0.9
20 silly packumentCache full:https://registry.npmjs.org/expo cache-miss
21 http fetch GET 200 https://registry.npmjs.org/expo 170ms (cache miss)
22 silly packumentCache full:https://registry.npmjs.org/expo set size:undefined disposed:false
23 silly fetch manifest @expo/dom-webview@*
24 silly packumentCache full:https://registry.npmjs.org/@expo%2fdom-webview cache-miss
25 http fetch GET 200 https://registry.npmjs.org/@expo%2fdom-webview 321ms (cache miss)
26 silly packumentCache full:https://registry.npmjs.org/@expo%2fdom-webview set size:undefined disposed:false
27 silly fetch manifest react@19.0.0
28 silly packumentCache full:https://registry.npmjs.org/react cache-miss
29 http cache https://registry.npmjs.org/react 18ms (cache hit)
30 silly packumentCache full:https://registry.npmjs.org/react set size:5736527 disposed:false
31 silly fetch manifest react-native@0.79.2
32 silly packumentCache full:https://registry.npmjs.org/react-native cache-miss
33 http cache https://registry.npmjs.org/react-native 28ms (cache hit)
34 silly packumentCache full:https://registry.npmjs.org/react-native set size:13474104 disposed:false
35 silly fetch manifest @types/react@~19.0.10
36 silly packumentCache full:https://registry.npmjs.org/@types%2freact cache-miss
37 http cache https://registry.npmjs.org/@types%2freact 11ms (cache hit)
38 silly packumentCache full:https://registry.npmjs.org/@types%2freact set size:2403615 disposed:false
39 silly fetch manifest @expo/metro-runtime@*
40 silly packumentCache full:https://registry.npmjs.org/@expo%2fmetro-runtime cache-miss
41 http fetch GET 200 https://registry.npmjs.org/@expo%2fmetro-runtime 284ms (cache miss)
42 silly packumentCache full:https://registry.npmjs.org/@expo%2fmetro-runtime set size:undefined disposed:false
43 silly fetch manifest react-native-webview@13.13.5
44 silly packumentCache full:https://registry.npmjs.org/react-native-webview cache-miss
45 http fetch GET 200 https://registry.npmjs.org/react-native-webview 152ms (cache miss)
46 silly packumentCache full:https://registry.npmjs.org/react-native-webview set size:undefined disposed:false
47 silly placeDep ROOT expo-linear-gradient@14.1.4 OK for: purificador-app@1.0.0 want: ~14.1.4
48 silly reify moves {}
49 silly audit bulk request {
49 silly audit   '@0no-co/graphql.web': [ '1.1.2' ],
49 silly audit   '@ampproject/remapping': [ '2.3.0' ],
49 silly audit   '@babel/code-frame': [ '7.27.1', '7.10.4' ],
49 silly audit   '@babel/compat-data': [ '7.27.3' ],
49 silly audit   '@babel/core': [ '7.27.3' ],
49 silly audit   '@babel/generator': [ '7.27.3' ],
49 silly audit   '@babel/helper-annotate-as-pure': [ '7.27.3' ],
49 silly audit   '@babel/helper-compilation-targets': [ '7.27.2' ],
49 silly audit   '@babel/helper-create-class-features-plugin': [ '7.27.1' ],
49 silly audit   '@babel/helper-create-regexp-features-plugin': [ '7.27.1' ],
49 silly audit   '@babel/helper-define-polyfill-provider': [ '0.6.4' ],
49 silly audit   '@babel/helper-member-expression-to-functions': [ '7.27.1' ],
49 silly audit   '@babel/helper-module-imports': [ '7.27.1' ],
49 silly audit   '@babel/helper-module-transforms': [ '7.27.3' ],
49 silly audit   '@babel/helper-optimise-call-expression': [ '7.27.1' ],
49 silly audit   '@babel/helper-plugin-utils': [ '7.27.1' ],
49 silly audit   '@babel/helper-remap-async-to-generator': [ '7.27.1' ],
49 silly audit   '@babel/helper-replace-supers': [ '7.27.1' ],
49 silly audit   '@babel/helper-skip-transparent-expression-wrappers': [ '7.27.1' ],
49 silly audit   '@babel/helper-string-parser': [ '7.27.1' ],
49 silly audit   '@babel/helper-validator-identifier': [ '7.27.1' ],
49 silly audit   '@babel/helper-validator-option': [ '7.27.1' ],
49 silly audit   '@babel/helper-wrap-function': [ '7.27.1' ],
49 silly audit   '@babel/helpers': [ '7.27.3' ],
49 silly audit   '@babel/highlight': [ '7.25.9' ],
49 silly audit   'ansi-styles': [ '3.2.1', '6.2.1', '4.3.0', '5.2.0' ],
49 silly audit   chalk: [ '2.4.2', '4.1.2' ],
49 silly audit   'color-convert': [ '1.9.3', '2.0.1' ],
49 silly audit   'color-name': [ '1.1.3', '1.1.4' ],
49 silly audit   'escape-string-regexp': [ '1.0.5', '4.0.0', '2.0.0' ],
49 silly audit   'has-flag': [ '3.0.0', '4.0.0' ],
49 silly audit   'supports-color': [ '5.5.0', '8.1.1', '7.2.0' ],
49 silly audit   '@babel/parser': [ '7.27.3' ],
49 silly audit   '@babel/plugin-proposal-decorators': [ '7.27.1' ],
49 silly audit   '@babel/plugin-proposal-export-default-from': [ '7.27.1' ],
49 silly audit   '@babel/plugin-syntax-async-generators': [ '7.8.4' ],
49 silly audit   '@babel/plugin-syntax-bigint': [ '7.8.3' ],
49 silly audit   '@babel/plugin-syntax-class-properties': [ '7.12.13' ],
49 silly audit   '@babel/plugin-syntax-class-static-block': [ '7.14.5' ],
49 silly audit   '@babel/plugin-syntax-decorators': [ '7.27.1' ],
49 silly audit   '@babel/plugin-syntax-dynamic-import': [ '7.8.3' ],
49 silly audit   '@babel/plugin-syntax-export-default-from': [ '7.27.1' ],
49 silly audit   '@babel/plugin-syntax-flow': [ '7.27.1' ],
49 silly audit   '@babel/plugin-syntax-import-attributes': [ '7.27.1' ],
49 silly audit   '@babel/plugin-syntax-import-meta': [ '7.10.4' ],
49 silly audit   '@babel/plugin-syntax-json-strings': [ '7.8.3' ],
49 silly audit   '@babel/plugin-syntax-jsx': [ '7.27.1' ],
49 silly audit   '@babel/plugin-syntax-logical-assignment-operators': [ '7.10.4' ],
49 silly audit   '@babel/plugin-syntax-nullish-coalescing-operator': [ '7.8.3' ],
49 silly audit   '@babel/plugin-syntax-numeric-separator': [ '7.10.4' ],
49 silly audit   '@babel/plugin-syntax-object-rest-spread': [ '7.8.3' ],
49 silly audit   '@babel/plugin-syntax-optional-catch-binding': [ '7.8.3' ],
49 silly audit   '@babel/plugin-syntax-optional-chaining': [ '7.8.3' ],
49 silly audit   '@babel/plugin-syntax-private-property-in-object': [ '7.14.5' ],
49 silly audit   '@babel/plugin-syntax-top-level-await': [ '7.14.5' ],
49 silly audit   '@babel/plugin-syntax-typescript': [ '7.27.1' ],
49 silly audit   '@babel/plugin-transform-arrow-functions': [ '7.27.1' ],
49 silly audit   '@babel/plugin-transform-async-generator-functions': [ '7.27.1' ],
49 silly audit   '@babel/plugin-transform-async-to-generator': [ '7.27.1' ],
49 silly audit   '@babel/plugin-transform-block-scoping': [ '7.27.3' ],
49 silly audit   '@babel/plugin-transform-class-properties': [ '7.27.1' ],
49 silly audit   '@babel/plugin-transform-classes': [ '7.27.1' ],
49 silly audit   '@babel/plugin-transform-computed-properties': [ '7.27.1' ],
49 silly audit   '@babel/plugin-transform-destructuring': [ '7.27.3' ],
49 silly audit   '@babel/plugin-transform-export-namespace-from': [ '7.27.1' ],
49 silly audit   '@babel/plugin-transform-flow-strip-types': [ '7.27.1' ],
49 silly audit   '@babel/plugin-transform-for-of': [ '7.27.1' ],
49 silly audit   '@babel/plugin-transform-function-name': [ '7.27.1' ],
49 silly audit   '@babel/plugin-transform-literals': [ '7.27.1' ],
49 silly audit   '@babel/plugin-transform-logical-assignment-operators': [ '7.27.1' ],
49 silly audit   '@babel/plugin-transform-modules-commonjs': [ '7.27.1' ],
49 silly audit   '@babel/plugin-transform-named-capturing-groups-regex': [ '7.27.1' ],
49 silly audit   '@babel/plugin-transform-nullish-coalescing-operator': [ '7.27.1' ],
49 silly audit   '@babel/plugin-transform-numeric-separator': [ '7.27.1' ],
49 silly audit   '@babel/plugin-transform-object-rest-spread': [ '7.27.3' ],
49 silly audit   '@babel/plugin-transform-optional-catch-binding': [ '7.27.1' ],
49 silly audit   '@babel/plugin-transform-optional-chaining': [ '7.27.1' ],
49 silly audit   '@babel/plugin-transform-parameters': [ '7.27.1' ],
49 silly audit   '@babel/plugin-transform-private-methods': [ '7.27.1' ],
49 silly audit   '@babel/plugin-transform-private-property-in-object': [ '7.27.1' ],
49 silly audit   '@babel/plugin-transform-react-display-name': [ '7.27.1' ],
49 silly audit   '@babel/plugin-transform-react-jsx': [ '7.27.1' ],
49 silly audit   '@babel/plugin-transform-react-jsx-development': [ '7.27.1' ],
49 silly audit   '@babel/plugin-transform-react-jsx-self': [ '7.27.1' ],
49 silly audit   '@babel/plugin-transform-react-jsx-source': [ '7.27.1' ],
49 silly audit   '@babel/plugin-transform-react-pure-annotations': [ '7.27.1' ],
49 silly audit   '@babel/plugin-transform-regenerator': [ '7.27.1' ],
49 silly audit   '@babel/plugin-transform-runtime': [ '7.27.3' ],
49 silly audit   '@babel/plugin-transform-shorthand-properties': [ '7.27.1' ],
49 silly audit   '@babel/plugin-transform-spread': [ '7.27.1' ],
49 silly audit   '@babel/plugin-transform-sticky-regex': [ '7.27.1' ],
49 silly audit   '@babel/plugin-transform-template-literals': [ '7.27.1' ],
49 silly audit   '@babel/plugin-transform-typescript': [ '7.27.1' ],
49 silly audit   '@babel/plugin-transform-unicode-regex': [ '7.27.1' ],
49 silly audit   '@babel/preset-react': [ '7.27.1' ],
49 silly audit   '@babel/preset-typescript': [ '7.27.1' ],
49 silly audit   '@babel/runtime': [ '7.27.3' ],
49 silly audit   '@babel/template': [ '7.27.2' ],
49 silly audit   '@babel/traverse': [ '7.27.3' ],
49 silly audit   '@babel/types': [ '7.27.3' ],
49 silly audit   '@callstack/react-theme-provider': [ '3.0.9' ],
49 silly audit   deepmerge: [ '3.3.0', '4.3.1' ],
49 silly audit   '@egjs/hammerjs': [ '2.0.17' ],
49 silly audit   '@emnapi/core': [ '1.4.3' ],
49 silly audit   '@emnapi/runtime': [ '1.4.3' ],
49 silly audit   '@emnapi/wasi-threads': [ '1.0.2' ],
49 silly audit   '@eslint-community/eslint-utils': [ '4.7.0' ],
49 silly audit   'eslint-visitor-keys': [ '3.4.3', '4.2.0' ],
49 silly audit   '@eslint-community/regexpp': [ '4.12.1' ],
49 silly audit   '@eslint/config-array': [ '0.20.0' ],
49 silly audit   '@eslint/config-helpers': [ '0.2.2' ],
49 silly audit   '@eslint/core': [ '0.14.0' ],
49 silly audit   '@eslint/eslintrc': [ '3.3.1' ],
49 silly audit   globals: [ '14.0.0', '16.2.0', '11.12.0' ],
49 silly audit   '@eslint/js': [ '9.27.0' ],
49 silly audit   '@eslint/object-schema': [ '2.1.6' ],
49 silly audit   '@eslint/plugin-kit': [ '0.3.1' ],
49 silly audit   '@expo/cli': [ '0.24.13' ],
49 silly audit   'brace-expansion': [ '2.0.1', '1.1.11' ],
49 silly audit   minimatch: [ '9.0.5', '3.1.2' ],
49 silly audit   semver: [ '7.7.2', '7.6.3', '6.3.1' ],
49 silly audit   '@expo/code-signing-certificates': [ '0.0.5' ],
49 silly audit   '@expo/config': [ '11.0.10' ],
49 silly audit   '@expo/config-plugins': [ '10.0.2' ],
49 silly audit   '@expo/config-types': [ '53.0.4' ],
49 silly audit   '@expo/devcert': [ '1.2.0' ],
49 silly audit   debug: [ '3.2.7', '2.6.9', '4.4.1' ],
49 silly audit   '@expo/env': [ '1.0.5' ],
49 silly audit   '@expo/fingerprint': [ '0.12.4' ],
49 silly audit   '@expo/image-utils': [ '0.7.4' ],
49 silly audit   '@expo/json-file': [ '9.1.4' ],
49 silly audit   '@expo/metro-config': [ '0.20.14' ],
49 silly audit   '@expo/metro-runtime': [ '5.0.4' ],
49 silly audit   '@expo/osascript': [ '2.2.4' ],
49 silly audit   '@expo/package-manager': [ '1.8.4' ],
49 silly audit   '@expo/plist': [ '0.3.4' ],
49 silly audit   '@expo/prebuild-config': [ '9.0.6' ],
49 silly audit   '@expo/sdk-runtime-versions': [ '1.0.0' ],
49 silly audit   '@expo/server': [ '0.6.2' ],
49 silly audit   '@expo/spawn-async': [ '1.7.2' ],
49 silly audit   '@expo/sudo-prompt': [ '9.3.2' ],
49 silly audit   '@expo/vector-icons': [ '14.1.0' ],
49 silly audit   '@expo/ws-tunnel': [ '1.0.6' ],
49 silly audit   '@expo/xcpretty': [ '4.3.2' ],
49 silly audit   '@humanfs/core': [ '0.19.1' ],
49 silly audit   '@humanfs/node': [ '0.16.6' ],
49 silly audit   '@humanwhocodes/retry': [ '0.3.1', '0.4.3' ],
49 silly audit   '@humanwhocodes/module-importer': [ '1.0.1' ],
49 silly audit   '@isaacs/cliui': [ '8.0.2' ],
49 silly audit   'wrap-ansi': [ '8.1.0', '7.0.0' ],
49 silly audit   '@isaacs/fs-minipass': [ '4.0.1' ],
49 silly audit   '@isaacs/ttlcache': [ '1.4.1' ],
49 silly audit   '@istanbuljs/load-nyc-config': [ '1.1.0' ],
49 silly audit   argparse: [ '1.0.10', '2.0.1' ],
49 silly audit   'find-up': [ '4.1.0', '5.0.0' ],
49 silly audit   'js-yaml': [ '3.14.1', '4.1.0' ],
49 silly audit   'locate-path': [ '5.0.0', '6.0.0' ],
49 silly audit   'p-limit': [ '2.3.0', '3.1.0' ],
49 silly audit   'p-locate': [ '4.1.0', '5.0.0' ],
49 silly audit   '@istanbuljs/schema': [ '0.1.3' ],
49 silly audit   '@jest/create-cache-key-function': [ '29.7.0' ],
49 silly audit   '@jest/environment': [ '29.7.0' ],
49 silly audit   '@jest/fake-timers': [ '29.7.0' ],
49 silly audit   '@jest/schemas': [ '29.6.3' ],
49 silly audit   '@jest/transform': [ '29.7.0' ],
49 silly audit   '@jest/types': [ '29.6.3' ],
49 silly audit   '@jridgewell/gen-mapping': [ '0.3.8' ],
49 silly audit   '@jridgewell/resolve-uri': [ '3.1.2' ],
49 silly audit   '@jridgewell/set-array': [ '1.2.1' ],
49 silly audit   '@jridgewell/source-map': [ '0.3.6' ],
49 silly audit   '@jridgewell/sourcemap-codec': [ '1.5.0' ],
49 silly audit   '@jridgewell/trace-mapping': [ '0.3.25' ],
49 silly audit   '@napi-rs/wasm-runtime': [ '0.2.10' ],
49 silly audit   '@nodelib/fs.scandir': [ '2.1.5' ],
49 silly audit   '@nodelib/fs.stat': [ '2.0.5' ],
49 silly audit   '@nodelib/fs.walk': [ '1.2.8' ],
49 silly audit   '@nolyfill/is-core-module': [ '1.0.39' ],
49 silly audit   '@pkgjs/parseargs': [ '0.11.0' ],
49 silly audit   '@radix-ui/react-compose-refs': [ '1.1.2' ],
49 silly audit   '@radix-ui/react-slot': [ '1.2.0' ],
49 silly audit   '@react-native-async-storage/async-storage': [ '2.1.2' ],
49 silly audit   '@react-native/assets-registry': [ '0.79.2' ],
49 silly audit   '@react-native/babel-plugin-codegen': [ '0.79.2' ],
49 silly audit   '@react-native/babel-preset': [ '0.79.2' ],
49 silly audit   '@react-native/codegen': [ '0.79.2' ],
49 silly audit   glob: [ '7.2.3', '10.4.5' ],
49 silly audit   '@react-native/community-cli-plugin': [ '0.79.2' ],
49 silly audit   ms: [ '2.0.0', '2.1.3' ],
49 silly audit   '@react-native/debugger-frontend': [ '0.79.2' ],
49 silly audit   '@react-native/dev-middleware': [ '0.79.2' ],
49 silly audit   ws: [ '6.2.3', '7.5.10', '8.18.2' ],
49 silly audit   '@react-native/gradle-plugin': [ '0.79.2' ],
49 silly audit   '@react-native/js-polyfills': [ '0.79.2' ],
49 silly audit   '@react-native/normalize-colors': [ '0.79.2', '0.74.89' ],
49 silly audit   '@react-native/virtualized-lists': [ '0.79.2' ],
49 silly audit   '@react-navigation/bottom-tabs': [ '7.3.13' ],
49 silly audit   '@react-navigation/core': [ '7.9.2' ],
49 silly audit   '@react-navigation/elements': [ '2.4.2' ],
49 silly audit   '@react-navigation/native': [ '7.1.9' ],
49 silly audit   '@react-navigation/native-stack': [ '7.3.13' ],
49 silly audit   '@react-navigation/routers': [ '7.3.7' ],
49 silly audit   '@rtsao/scc': [ '1.1.0' ],
49 silly audit   '@sinclair/typebox': [ '0.27.8' ],
49 silly audit   '@sinonjs/commons': [ '3.0.1' ],
49 silly audit   '@sinonjs/fake-timers': [ '10.3.0' ],
49 silly audit   '@tybys/wasm-util': [ '0.9.0' ],
49 silly audit   '@types/babel__core': [ '7.20.5' ],
49 silly audit   '@types/babel__generator': [ '7.27.0' ],
49 silly audit   '@types/babel__template': [ '7.4.4' ],
49 silly audit   '@types/babel__traverse': [ '7.20.7' ],
49 silly audit   '@types/estree': [ '1.0.7' ],
49 silly audit   '@types/graceful-fs': [ '4.1.9' ],
49 silly audit   '@types/hammerjs': [ '2.0.46' ],
49 silly audit   '@types/istanbul-lib-coverage': [ '2.0.6' ],
49 silly audit   '@types/istanbul-lib-report': [ '3.0.3' ],
49 silly audit   '@types/istanbul-reports': [ '3.0.4' ],
49 silly audit   '@types/json-schema': [ '7.0.15' ],
49 silly audit   '@types/json5': [ '0.0.29' ],
49 silly audit   '@types/node': [ '22.15.26' ],
49 silly audit   '@types/react': [ '19.0.14' ],
49 silly audit   '@types/stack-utils': [ '2.0.3' ],
49 silly audit   '@types/yargs': [ '17.0.33' ],
49 silly audit   '@types/yargs-parser': [ '21.0.3' ],
49 silly audit   '@typescript-eslint/eslint-plugin': [ '8.33.0' ],
49 silly audit   ignore: [ '7.0.4', '5.3.2' ],
49 silly audit   '@typescript-eslint/parser': [ '8.33.0' ],
49 silly audit   '@typescript-eslint/project-service': [ '8.33.0' ],
49 silly audit   '@typescript-eslint/scope-manager': [ '8.33.0' ],
49 silly audit   '@typescript-eslint/tsconfig-utils': [ '8.33.0' ],
49 silly audit   '@typescript-eslint/type-utils': [ '8.33.0' ],
49 silly audit   '@typescript-eslint/types': [ '8.33.0' ],
49 silly audit   '@typescript-eslint/typescript-estree': [ '8.33.0' ],
49 silly audit   '@typescript-eslint/utils': [ '8.33.0' ],
49 silly audit   '@typescript-eslint/visitor-keys': [ '8.33.0' ],
49 silly audit   '@unrs/resolver-binding-darwin-arm64': [ '1.7.8' ],
49 silly audit   '@unrs/resolver-binding-darwin-x64': [ '1.7.8' ],
49 silly audit   '@unrs/resolver-binding-freebsd-x64': [ '1.7.8' ],
49 silly audit   '@unrs/resolver-binding-linux-arm-gnueabihf': [ '1.7.8' ],
49 silly audit   '@unrs/resolver-binding-linux-arm-musleabihf': [ '1.7.8' ],
49 silly audit   '@unrs/resolver-binding-linux-arm64-gnu': [ '1.7.8' ],
49 silly audit   '@unrs/resolver-binding-linux-arm64-musl': [ '1.7.8' ],
49 silly audit   '@unrs/resolver-binding-linux-ppc64-gnu': [ '1.7.8' ],
49 silly audit   '@unrs/resolver-binding-linux-riscv64-gnu': [ '1.7.8' ],
49 silly audit   '@unrs/resolver-binding-linux-riscv64-musl': [ '1.7.8' ],
49 silly audit   '@unrs/resolver-binding-linux-s390x-gnu': [ '1.7.8' ],
49 silly audit   '@unrs/resolver-binding-linux-x64-gnu': [ '1.7.8' ],
49 silly audit   '@unrs/resolver-binding-linux-x64-musl': [ '1.7.8' ],
49 silly audit   '@unrs/resolver-binding-wasm32-wasi': [ '1.7.8' ],
49 silly audit   '@unrs/resolver-binding-win32-arm64-msvc': [ '1.7.8' ],
49 silly audit   '@unrs/resolver-binding-win32-ia32-msvc': [ '1.7.8' ],
49 silly audit   '@unrs/resolver-binding-win32-x64-msvc': [ '1.7.8' ],
49 silly audit   '@urql/core': [ '5.1.1' ],
49 silly audit   '@urql/exchange-retry': [ '1.3.1' ],
49 silly audit   '@xmldom/xmldom': [ '0.8.10' ],
49 silly audit   'abort-controller': [ '3.0.0' ],
49 silly audit   accepts: [ '1.3.8' ],
49 silly audit   acorn: [ '8.14.1' ],
49 silly audit   'acorn-jsx': [ '5.3.2' ],
49 silly audit   'agent-base': [ '7.1.3' ],
49 silly audit   ajv: [ '6.12.6', '8.17.1' ],
49 silly audit   'ajv-formats': [ '2.1.1' ],
49 silly audit   'json-schema-traverse': [ '1.0.0', '0.4.1' ],
49 silly audit   anser: [ '1.4.10' ],
49 silly audit   'ansi-escapes': [ '4.3.2' ],
49 silly audit   'type-fest': [ '0.21.3', '0.7.1' ],
49 silly audit   'ansi-regex': [ '5.0.1', '4.1.1', '6.1.0' ],
49 silly audit   'any-promise': [ '1.3.0' ],
49 silly audit   anymatch: [ '3.1.3' ],
49 silly audit   picomatch: [ '2.3.1', '3.0.1', '4.0.2' ],
49 silly audit   arg: [ '5.0.2' ],
49 silly audit   'array-buffer-byte-length': [ '1.0.2' ],
49 silly audit   'array-includes': [ '3.1.8' ],
49 silly audit   'array.prototype.findlast': [ '1.2.5' ],
49 silly audit   'array.prototype.findlastindex': [ '1.2.6' ],
49 silly audit   'array.prototype.flat': [ '1.3.3' ],
49 silly audit   'array.prototype.flatmap': [ '1.3.3' ],
49 silly audit   'array.prototype.tosorted': [ '1.1.4' ],
49 silly audit   'arraybuffer.prototype.slice': [ '1.0.4' ],
49 silly audit   asap: [ '2.0.6' ],
49 silly audit   'async-function': [ '1.0.0' ],
49 silly audit   'async-limiter': [ '1.0.1' ],
49 silly audit   'available-typed-arrays': [ '1.0.7' ],
49 silly audit   'babel-jest': [ '29.7.0' ],
49 silly audit   'babel-plugin-istanbul': [ '6.1.1' ],
49 silly audit   'babel-plugin-jest-hoist': [ '29.6.3' ],
49 silly audit   'babel-plugin-polyfill-corejs2': [ '0.4.13' ],
49 silly audit   'babel-plugin-polyfill-corejs3': [ '0.11.1' ],
49 silly audit   'babel-plugin-polyfill-regenerator': [ '0.6.4' ],
49 silly audit   'babel-plugin-react-native-web': [ '0.19.13' ],
49 silly audit   'babel-plugin-syntax-hermes-parser': [ '0.25.1' ],
49 silly audit   'babel-plugin-transform-flow-enums': [ '0.0.2' ],
49 silly audit   'babel-preset-current-node-syntax': [ '1.1.0' ],
49 silly audit   'babel-preset-expo': [ '13.1.11' ],
49 silly audit   'babel-preset-jest': [ '29.6.3' ],
49 silly audit   'balanced-match': [ '1.0.2' ],
49 silly audit   'base64-js': [ '1.5.1' ],
49 silly audit   'better-opn': [ '3.0.2' ],
49 silly audit   open: [ '8.4.2', '7.4.2' ],
49 silly audit   'big-integer': [ '1.6.52' ],
49 silly audit   boolbase: [ '1.0.0' ],
49 silly audit   'bplist-creator': [ '0.1.0' ],
49 silly audit   'bplist-parser': [ '0.3.2', '0.3.1' ],
49 silly audit   braces: [ '3.0.3' ],
49 silly audit   browserslist: [ '4.25.0' ],
49 silly audit   bser: [ '2.1.1' ],
49 silly audit   buffer: [ '5.7.1' ],
49 silly audit   'buffer-from': [ '1.1.2' ],
49 silly audit   bytes: [ '3.1.2' ],
49 silly audit   'call-bind': [ '1.0.8' ],
49 silly audit   'call-bind-apply-helpers': [ '1.0.2' ],
49 silly audit   'call-bound': [ '1.0.4' ],
49 silly audit   'caller-callsite': [ '2.0.0' ],
49 silly audit   callsites: [ '2.0.0', '3.1.0' ],
49 silly audit   'caller-path': [ '2.0.0' ],
49 silly audit   camelcase: [ '5.3.1', '6.3.0' ],
49 silly audit   'caniuse-lite': [ '1.0.30001720' ],
49 silly audit   chownr: [ '3.0.0' ],
49 silly audit   'chrome-launcher': [ '0.15.2' ],
49 silly audit   'chromium-edge-launcher': [ '0.2.0' ],
49 silly audit   'ci-info': [ '3.9.0', '2.0.0' ],
49 silly audit   'cli-cursor': [ '2.1.0' ],
49 silly audit   'cli-spinners': [ '2.9.2' ],
49 silly audit   'client-only': [ '0.0.1' ],
49 silly audit   cliui: [ '8.0.1', '7.0.4' ],
49 silly audit   'emoji-regex': [ '8.0.0', '9.2.2' ],
49 silly audit   'string-width': [ '4.2.3', '5.1.2' ],
49 silly audit   'strip-ansi': [ '6.0.1', '5.2.0', '7.1.0' ],
49 silly audit   clone: [ '1.0.4' ],
49 silly audit   color: [ '4.2.3', '3.2.1' ],
49 silly audit   'color-string': [ '1.9.1' ],
49 silly audit   commander: [ '7.2.0', '12.1.0', '4.1.1', '2.20.3' ],
49 silly audit   compressible: [ '2.0.18' ],
49 silly audit   compression: [ '1.8.0' ],
49 silly audit   negotiator: [ '0.6.4', '0.6.3' ],
49 silly audit   'concat-map': [ '0.0.1' ],
49 silly audit   connect: [ '3.7.0' ],
49 silly audit   'convert-source-map': [ '2.0.0' ],
49 silly audit   'core-js-compat': [ '3.42.0' ],
49 silly audit   cosmiconfig: [ '5.2.1' ],
49 silly audit   'import-fresh': [ '2.0.0', '3.3.1' ],
49 silly audit   'resolve-from': [ '3.0.0', '4.0.0', '5.0.0' ],
49 silly audit   'cross-fetch': [ '3.2.0' ],
49 silly audit   'cross-spawn': [ '7.0.6' ],
49 silly audit   'crypto-random-string': [ '2.0.0' ],
49 silly audit   'css-in-js-utils': [ '3.1.0' ],
49 silly audit   'css-select': [ '5.1.0' ],
49 silly audit   'css-tree': [ '1.1.3' ],
49 silly audit   'source-map': [ '0.6.1', '0.5.7' ],
49 silly audit   'css-what': [ '6.1.0' ],
49 silly audit   csstype: [ '3.1.3' ],
49 silly audit   'data-view-buffer': [ '1.0.2' ],
49 silly audit   'data-view-byte-length': [ '1.0.2' ],
49 silly audit   'data-view-byte-offset': [ '1.0.1' ],
49 silly audit   'date-fns': [ '4.1.0' ],
49 silly audit   'decode-uri-component': [ '0.2.2' ],
49 silly audit   'deep-extend': [ '0.6.0' ],
49 silly audit   'deep-is': [ '0.1.4' ],
49 silly audit   defaults: [ '1.0.4' ],
49 silly audit   'define-data-property': [ '1.1.4' ],
49 silly audit   'define-lazy-prop': [ '2.0.0' ],
49 silly audit   'define-properties': [ '1.2.1' ],
49 silly audit   depd: [ '2.0.0' ],
49 silly audit   destroy: [ '1.2.0' ],
49 silly audit   'detect-libc': [ '1.0.3' ],
49 silly audit   doctrine: [ '2.1.0' ],
49 silly audit   'dom-serializer': [ '2.0.0' ],
49 silly audit   domelementtype: [ '2.3.0' ],
49 silly audit   domhandler: [ '5.0.3' ],
49 silly audit   domutils: [ '3.2.2' ],
49 silly audit   dotenv: [ '16.4.7' ],
49 silly audit   'dotenv-expand': [ '11.0.7' ],
49 silly audit   'dunder-proto': [ '1.0.1' ],
49 silly audit   eastasianwidth: [ '0.2.0' ],
49 silly audit   'ee-first': [ '1.1.1' ],
49 silly audit   'electron-to-chromium': [ '1.5.161' ],
49 silly audit   encodeurl: [ '1.0.2', '2.0.0' ],
49 silly audit   entities: [ '4.5.0' ],
49 silly audit   'env-editor': [ '0.4.2' ],
49 silly audit   'error-ex': [ '1.3.2' ],
49 silly audit   'error-stack-parser': [ '2.1.4' ],
49 silly audit   'es-abstract': [ '1.24.0' ],
49 silly audit   'es-define-property': [ '1.0.1' ],
49 silly audit   'es-errors': [ '1.3.0' ],
49 silly audit   'es-iterator-helpers': [ '1.2.1' ],
49 silly audit   'es-object-atoms': [ '1.1.1' ],
49 silly audit   'es-set-tostringtag': [ '2.1.0' ],
49 silly audit   'es-shim-unscopables': [ '1.1.0' ],
49 silly audit   'es-to-primitive': [ '1.3.0' ],
49 silly audit   escalade: [ '3.2.0' ],
49 silly audit   'escape-html': [ '1.0.3' ],
49 silly audit   eslint: [ '9.27.0' ],
49 silly audit   'eslint-config-expo': [ '9.2.0' ],
49 silly audit   'eslint-import-resolver-node': [ '0.3.9' ],
49 silly audit   'eslint-import-resolver-typescript': [ '3.10.1' ],
49 silly audit   'eslint-module-utils': [ '2.12.0' ],
49 silly audit   'eslint-plugin-expo': [ '0.1.4' ],
49 silly audit   'eslint-plugin-import': [ '2.31.0' ],
49 silly audit   'eslint-plugin-react': [ '7.37.5' ],
49 silly audit   'eslint-plugin-react-hooks': [ '5.2.0' ],
49 silly audit   resolve: [ '2.0.0-next.5', '1.7.1', '1.22.10' ],
49 silly audit   'eslint-scope': [ '8.3.0' ],
49 silly audit   espree: [ '10.3.0' ],
49 silly audit   esprima: [ '4.0.1' ],
49 silly audit   esquery: [ '1.6.0' ],
49 silly audit   esrecurse: [ '4.3.0' ],
49 silly audit   estraverse: [ '5.3.0' ],
49 silly audit   esutils: [ '2.0.3' ],
49 silly audit   etag: [ '1.8.1' ],
49 silly audit   'event-target-shim': [ '5.0.1' ],
49 silly audit   'exec-async': [ '2.2.0' ],
49 silly audit   expo: [ '53.0.9' ],
49 silly audit   'expo-asset': [ '11.1.5' ],
49 silly audit   'expo-blur': [ '14.1.4' ],
49 silly audit   'expo-constants': [ '17.1.6' ],
49 silly audit   'expo-file-system': [ '18.1.10' ],
49 silly audit   'expo-font': [ '13.3.1' ],
49 silly audit   'expo-haptics': [ '14.1.4' ],
49 silly audit   'expo-image': [ '2.1.7' ],
49 silly audit   'expo-keep-awake': [ '14.1.4' ],
49 silly audit   'expo-linking': [ '7.1.5' ],
49 silly audit   'expo-modules-autolinking': [ '2.1.10' ],
49 silly audit   'expo-modules-core': [ '2.3.13' ],
49 silly audit   'expo-router': [ '5.0.7' ],
49 silly audit   'expo-splash-screen': [ '0.30.8' ],
49 silly audit   'expo-status-bar': [ '2.2.3' ],
49 silly audit   'expo-symbols': [ '0.4.4' ],
49 silly audit   'expo-system-ui': [ '5.0.7' ],
49 silly audit   'expo-web-browser': [ '14.1.6' ],
49 silly audit   'exponential-backoff': [ '3.1.2' ],
49 silly audit   'fast-deep-equal': [ '3.1.3' ],
49 silly audit   'fast-glob': [ '3.3.3' ],
49 silly audit   'glob-parent': [ '5.1.2', '6.0.2' ],
49 silly audit   'fast-json-stable-stringify': [ '2.1.0' ],
49 silly audit   'fast-levenshtein': [ '2.0.6' ],
49 silly audit   'fast-uri': [ '3.0.6' ],
49 silly audit   fastq: [ '1.19.1' ],
49 silly audit   'fb-watchman': [ '2.0.2' ],
49 silly audit   fbjs: [ '3.0.5' ],
49 silly audit   'fbjs-css-vars': [ '1.0.2' ],
49 silly audit   promise: [ '7.3.1', '8.3.0' ],
49 silly audit   fdir: [ '6.4.5' ],
49 silly audit   'file-entry-cache': [ '8.0.0' ],
49 silly audit   'fill-range': [ '7.1.1' ],
49 silly audit   'filter-obj': [ '1.1.0' ],
49 silly audit   finalhandler: [ '1.1.2' ],
49 silly audit   'flat-cache': [ '4.0.1' ],
49 silly audit   flatted: [ '3.3.3' ],
49 silly audit   'flow-enums-runtime': [ '0.0.6' ],
49 silly audit   fontfaceobserver: [ '2.3.0' ],
49 silly audit   'for-each': [ '0.3.5' ],
49 silly audit   'foreground-child': [ '3.3.1' ],
49 silly audit   'freeport-async': [ '2.0.0' ],
49 silly audit   fresh: [ '0.5.2' ],
49 silly audit   'fs.realpath': [ '1.0.0' ],
49 silly audit   fsevents: [ '2.3.3' ],
49 silly audit   'function-bind': [ '1.1.2' ],
49 silly audit   'function.prototype.name': [ '1.1.8' ],
49 silly audit   'functions-have-names': [ '1.2.3' ],
49 silly audit   gensync: [ '1.0.0-beta.2' ],
49 silly audit   'get-caller-file': [ '2.0.5' ],
49 silly audit   'get-intrinsic': [ '1.3.0' ],
49 silly audit   'get-package-type': [ '0.1.0' ],
49 silly audit   'get-proto': [ '1.0.1' ],
49 silly audit   'get-symbol-description': [ '1.1.0' ],
49 silly audit   'get-tsconfig': [ '4.10.1' ],
49 silly audit   getenv: [ '1.0.0' ],
49 silly audit   globalthis: [ '1.0.4' ],
49 silly audit   gopd: [ '1.2.0' ],
49 silly audit   'graceful-fs': [ '4.2.11' ],
49 silly audit   graphemer: [ '1.4.0' ],
49 silly audit   'has-bigints': [ '1.1.0' ],
49 silly audit   'has-property-descriptors': [ '1.0.2' ],
49 silly audit   'has-proto': [ '1.2.0' ],
49 silly audit   'has-symbols': [ '1.1.0' ],
49 silly audit   'has-tostringtag': [ '1.0.2' ],
49 silly audit   hasown: [ '2.0.2' ],
49 silly audit   'hermes-estree': [ '0.25.1', '0.28.1' ],
49 silly audit   'hermes-parser': [ '0.25.1', '0.28.1' ],
49 silly audit   'hoist-non-react-statics': [ '3.3.2' ],
49 silly audit   'react-is': [ '16.13.1', '18.3.1', '19.1.0' ],
49 silly audit   'hosted-git-info': [ '7.0.2' ],
49 silly audit   'lru-cache': [ '10.4.3', '5.1.1' ],
49 silly audit   'http-errors': [ '2.0.0' ],
49 silly audit   statuses: [ '2.0.1', '1.5.0' ],
49 silly audit   'https-proxy-agent': [ '7.0.6' ],
49 silly audit   'hyphenate-style-name': [ '1.1.0' ],
49 silly audit   ieee754: [ '1.2.1' ],
49 silly audit   'image-size': [ '1.2.1' ],
49 silly audit   imurmurhash: [ '0.1.4' ],
49 silly audit   inflight: [ '1.0.6' ],
49 silly audit   inherits: [ '2.0.4' ],
49 silly audit   ini: [ '1.3.8' ],
49 silly audit   'inline-style-prefixer': [ '7.0.1' ],
49 silly audit   'internal-slot': [ '1.1.0' ],
49 silly audit   invariant: [ '2.2.4' ],
49 silly audit   'is-array-buffer': [ '3.0.5' ],
49 silly audit   'is-arrayish': [ '0.2.1', '0.3.2' ],
49 silly audit   'is-async-function': [ '2.1.1' ],
49 silly audit   'is-bigint': [ '1.1.0' ],
49 silly audit   'is-boolean-object': [ '1.2.2' ],
49 silly audit   'is-bun-module': [ '2.0.0' ],
49 silly audit   'is-callable': [ '1.2.7' ],
49 silly audit   'is-core-module': [ '2.16.1' ],
49 silly audit   'is-data-view': [ '1.0.2' ],
49 silly audit   'is-date-object': [ '1.1.0' ],
49 silly audit   'is-directory': [ '0.3.1' ],
49 silly audit   'is-docker': [ '2.2.1' ],
49 silly audit   'is-extglob': [ '2.1.1' ],
49 silly audit   'is-finalizationregistry': [ '1.1.1' ],
49 silly audit   'is-fullwidth-code-point': [ '3.0.0' ],
49 silly audit   'is-generator-function': [ '1.1.0' ],
49 silly audit   'is-glob': [ '4.0.3' ],
49 silly audit   'is-map': [ '2.0.3' ],
49 silly audit   'is-negative-zero': [ '2.0.3' ],
49 silly audit   'is-number': [ '7.0.0' ],
49 silly audit   'is-number-object': [ '1.1.1' ],
49 silly audit   'is-plain-obj': [ '2.1.0' ],
49 silly audit   'is-regex': [ '1.2.1' ],
49 silly audit   'is-set': [ '2.0.3' ],
49 silly audit   'is-shared-array-buffer': [ '1.0.4' ],
49 silly audit   'is-string': [ '1.1.1' ],
49 silly audit   'is-symbol': [ '1.1.1' ],
49 silly audit   'is-typed-array': [ '1.1.15' ],
49 silly audit   'is-weakmap': [ '2.0.2' ],
49 silly audit   'is-weakref': [ '1.1.1' ],
49 silly audit   'is-weakset': [ '2.0.4' ],
49 silly audit   'is-wsl': [ '2.2.0' ],
49 silly audit   isarray: [ '2.0.5' ],
49 silly audit   isexe: [ '2.0.0' ],
49 silly audit   'istanbul-lib-coverage': [ '3.2.2' ],
49 silly audit   'istanbul-lib-instrument': [ '5.2.1' ],
49 silly audit   'iterator.prototype': [ '1.1.5' ],
49 silly audit   jackspeak: [ '3.4.3' ],
49 silly audit   'jest-environment-node': [ '29.7.0' ],
49 silly audit   'jest-get-type': [ '29.6.3' ],
49 silly audit   'jest-haste-map': [ '29.7.0' ],
49 silly audit   'jest-message-util': [ '29.7.0' ],
49 silly audit   'jest-mock': [ '29.7.0' ],
49 silly audit   'jest-regex-util': [ '29.6.3' ],
49 silly audit   'jest-util': [ '29.7.0' ],
49 silly audit   'jest-validate': [ '29.7.0' ],
49 silly audit   'jest-worker': [ '29.7.0' ],
49 silly audit   'jimp-compact': [ '0.16.1' ],
49 silly audit   'js-tokens': [ '4.0.0' ],
49 silly audit   'jsc-safe-url': [ '0.2.4' ],
49 silly audit   jsesc: [ '3.1.0', '3.0.2' ],
49 silly audit   'json-buffer': [ '3.0.1' ],
49 silly audit   'json-parse-better-errors': [ '1.0.2' ],
49 silly audit   'json-stable-stringify-without-jsonify': [ '1.0.1' ],
49 silly audit   json5: [ '2.2.3', '1.0.2' ],
49 silly audit   'jsx-ast-utils': [ '3.3.5' ],
49 silly audit   keyv: [ '4.5.4' ],
49 silly audit   kleur: [ '3.0.3' ],
49 silly audit   'lan-network': [ '0.1.7' ],
49 silly audit   leven: [ '3.1.0' ],
49 silly audit   levn: [ '0.4.1' ],
49 silly audit   'lighthouse-logger': [ '1.4.2' ],
49 silly audit   lightningcss: [ '1.27.0' ],
49 silly audit   'lightningcss-darwin-arm64': [ '1.27.0' ],
49 silly audit   'lightningcss-darwin-x64': [ '1.27.0' ],
49 silly audit   'lightningcss-freebsd-x64': [ '1.27.0' ],
49 silly audit   'lightningcss-linux-arm-gnueabihf': [ '1.27.0' ],
49 silly audit   'lightningcss-linux-arm64-gnu': [ '1.27.0' ],
49 silly audit   'lightningcss-linux-arm64-musl': [ '1.27.0' ],
49 silly audit   'lightningcss-linux-x64-gnu': [ '1.27.0' ],
49 silly audit   'lightningcss-linux-x64-musl': [ '1.27.0' ],
49 silly audit   'lightningcss-win32-arm64-msvc': [ '1.27.0' ],
49 silly audit   'lightningcss-win32-x64-msvc': [ '1.27.0' ],
49 silly audit   'lines-and-columns': [ '1.2.4' ],
49 silly audit   lodash: [ '4.17.21' ],
49 silly audit   'lodash.debounce': [ '4.0.8' ],
49 silly audit   'lodash.merge': [ '4.6.2' ],
49 silly audit   'lodash.throttle': [ '4.1.1' ],
49 silly audit   'log-symbols': [ '2.2.0' ],
49 silly audit   'loose-envify': [ '1.4.0' ],
49 silly audit   makeerror: [ '1.0.12' ],
49 silly audit   marky: [ '1.3.0' ],
49 silly audit   'math-intrinsics': [ '1.1.0' ],
49 silly audit   'mdn-data': [ '2.0.14' ],
49 silly audit   'memoize-one': [ '5.2.1', '6.0.0' ],
49 silly audit   'merge-options': [ '3.0.4' ],
49 silly audit   'merge-stream': [ '2.0.0' ],
49 silly audit   merge2: [ '1.4.1' ],
49 silly audit   metro: [ '0.82.4' ],
49 silly audit   'metro-babel-transformer': [ '0.82.4' ],
49 silly audit   'metro-cache': [ '0.82.4' ],
49 silly audit   'metro-cache-key': [ '0.82.4' ],
49 silly audit   'metro-config': [ '0.82.4' ],
49 silly audit   'metro-core': [ '0.82.4' ],
49 silly audit   'metro-file-map': [ '0.82.4' ],
49 silly audit   'metro-minify-terser': [ '0.82.4' ],
49 silly audit   'metro-resolver': [ '0.82.4' ],
49 silly audit   'metro-runtime': [ '0.82.4' ],
49 silly audit   'metro-source-map': [ '0.82.4' ],
49 silly audit   'metro-symbolicate': [ '0.82.4' ],
49 silly audit   'metro-transform-plugins': [ '0.82.4' ],
49 silly audit   'metro-transform-worker': [ '0.82.4' ],
49 silly audit   micromatch: [ '4.0.8' ],
49 silly audit   mime: [ '1.6.0' ],
49 silly audit   'mime-db': [ '1.54.0', '1.52.0' ],
49 silly audit   'mime-types': [ '2.1.35' ],
49 silly audit   'mimic-fn': [ '1.2.0' ],
49 silly audit   minimist: [ '1.2.8' ],
49 silly audit   minipass: [ '7.1.2' ],
49 silly audit   minizlib: [ '3.0.2' ],
49 silly audit   mkdirp: [ '1.0.4', '3.0.1' ],
49 silly audit   mz: [ '2.7.0' ],
49 silly audit   nanoid: [ '3.3.11' ],
49 silly audit   'napi-postinstall': [ '0.2.4' ],
49 silly audit   'natural-compare': [ '1.4.0' ],
49 silly audit   'nested-error-stacks': [ '2.0.1' ],
49 silly audit   'node-fetch': [ '2.7.0' ],
49 silly audit   'node-forge': [ '1.3.1' ],
49 silly audit   'node-int64': [ '0.4.0' ],
49 silly audit   'node-releases': [ '2.0.19' ],
49 silly audit   'normalize-path': [ '3.0.0' ],
49 silly audit   'npm-package-arg': [ '11.0.3' ],
49 silly audit   'nth-check': [ '2.1.1' ],
49 silly audit   nullthrows: [ '1.1.1' ],
49 silly audit   ob1: [ '0.82.4' ],
49 silly audit   'object-assign': [ '4.1.1' ],
49 silly audit   'object-inspect': [ '1.13.4' ],
49 silly audit   'object-keys': [ '1.1.1' ],
49 silly audit   'object.assign': [ '4.1.7' ],
49 silly audit   'object.entries': [ '1.1.9' ],
49 silly audit   'object.fromentries': [ '2.0.8' ],
49 silly audit   'object.groupby': [ '1.0.3' ],
49 silly audit   'object.values': [ '1.2.1' ],
49 silly audit   'on-finished': [ '2.3.0', '2.4.1' ],
49 silly audit   'on-headers': [ '1.0.2' ],
49 silly audit   once: [ '1.4.0' ],
49 silly audit   onetime: [ '2.0.1' ],
49 silly audit   optionator: [ '0.9.4' ],
49 silly audit   ora: [ '3.4.0' ],
49 silly audit   'own-keys': [ '1.0.1' ],
49 silly audit   'p-try': [ '2.2.0' ],
49 silly audit   'package-json-from-dist': [ '1.0.1' ],
49 silly audit   'parent-module': [ '1.0.1' ],
49 silly audit   'parse-json': [ '4.0.0' ],
49 silly audit   'parse-png': [ '2.1.0' ],
49 silly audit   parseurl: [ '1.3.3' ],
49 silly audit   'path-exists': [ '4.0.0' ],
49 silly audit   'path-is-absolute': [ '1.0.1' ],
49 silly audit   'path-key': [ '3.1.1' ],
49 silly audit   'path-parse': [ '1.0.7' ],
49 silly audit   'path-scurry': [ '1.11.1' ],
49 silly audit   'paths-js': [ '0.4.11' ],
49 silly audit   picocolors: [ '1.1.1' ],
49 silly audit   pirates: [ '4.0.7' ],
49 silly audit   plist: [ '3.1.0' ],
49 silly audit   pngjs: [ '3.4.0' ],
49 silly audit   'point-in-polygon': [ '1.1.0' ],
49 silly audit   'possible-typed-array-names': [ '1.1.0' ],
49 silly audit   postcss: [ '8.4.49' ],
49 silly audit   'postcss-value-parser': [ '4.2.0' ],
49 silly audit   'prelude-ls': [ '1.2.1' ],
49 silly audit   'pretty-bytes': [ '5.6.0' ],
49 silly audit   'pretty-format': [ '29.7.0' ],
49 silly audit   'proc-log': [ '4.2.0' ],
49 silly audit   progress: [ '2.0.3' ],
49 silly audit   prompts: [ '2.4.2' ],
49 silly audit   'prop-types': [ '15.8.1' ],
49 silly audit   punycode: [ '2.3.1' ],
49 silly audit   'qrcode-terminal': [ '0.11.0' ],
49 silly audit   'query-string': [ '7.1.3' ],
49 silly audit   queue: [ '6.0.2' ],
49 silly audit   'queue-microtask': [ '1.2.3' ],
49 silly audit   'range-parser': [ '1.2.1' ],
49 silly audit   rc: [ '1.2.8' ],
49 silly audit   'strip-json-comments': [ '2.0.1', '3.1.1' ],
49 silly audit   react: [ '19.0.0' ],
49 silly audit   'react-devtools-core': [ '6.1.2' ],
49 silly audit   'react-dom': [ '19.0.0' ],
49 silly audit   'react-fast-compare': [ '3.2.2' ],
49 silly audit   'react-freeze': [ '1.0.4' ],
49 silly audit   'react-native': [ '0.79.2' ],
49 silly audit   'react-native-chart-kit': [ '6.12.0' ],
49 silly audit   'react-native-edge-to-edge': [ '1.6.0' ],
49 silly audit   'react-native-gesture-handler': [ '2.24.0' ],
49 silly audit   'react-native-is-edge-to-edge': [ '1.1.7' ],
49 silly audit   'react-native-linear-gradient': [ '2.8.3' ],
49 silly audit   'react-native-paper': [ '5.14.5' ],
49 silly audit   'react-native-reanimated': [ '3.17.5' ],
49 silly audit   'react-native-safe-area-context': [ '5.4.0' ],
49 silly audit   'react-native-screens': [ '4.10.0' ],
49 silly audit   'react-native-svg': [ '15.11.2' ],
49 silly audit   'react-native-vector-icons': [ '10.2.0' ],
49 silly audit   yargs: [ '16.2.0', '17.7.2' ],
49 silly audit   'yargs-parser': [ '20.2.9', '21.1.1' ],
49 silly audit   'react-native-web': [ '0.20.0' ],
49 silly audit   'react-native-webview': [ '13.13.5' ],
49 silly audit   'react-refresh': [ '0.14.2' ],
49 silly audit   'reflect.getprototypeof': [ '1.0.10' ],
49 silly audit   regenerate: [ '1.4.2' ],
49 silly audit   'regenerate-unicode-properties': [ '10.2.0' ],
49 silly audit   'regenerator-runtime': [ '0.13.11' ],
49 silly audit   'regexp.prototype.flags': [ '1.5.4' ],
49 silly audit   'regexpu-core': [ '6.2.0' ],
49 silly audit   regjsgen: [ '0.8.0' ],
49 silly audit   regjsparser: [ '0.12.0' ],
49 silly audit   'require-directory': [ '2.1.1' ],
49 silly audit   'require-from-string': [ '2.0.2' ],
49 silly audit   requireg: [ '0.2.2' ],
49 silly audit   'resolve-pkg-maps': [ '1.0.0' ],
49 silly audit   'resolve-workspace-root': [ '2.0.0' ],
49 silly audit   'resolve.exports': [ '2.0.3' ],
49 silly audit   'restore-cursor': [ '2.0.0' ],
49 silly audit   'signal-exit': [ '3.0.7', '4.1.0' ],
49 silly audit   reusify: [ '1.1.0' ],
49 silly audit   rimraf: [ '3.0.2' ],
49 silly audit   'run-parallel': [ '1.2.0' ],
49 silly audit   'safe-array-concat': [ '1.1.3' ],
49 silly audit   'safe-buffer': [ '5.2.1' ],
49 silly audit   'safe-push-apply': [ '1.0.0' ],
49 silly audit   'safe-regex-test': [ '1.1.0' ],
49 silly audit   sax: [ '1.4.1' ],
49 silly audit   scheduler: [ '0.25.0' ],
49 silly audit   'schema-utils': [ '4.3.2' ],
49 silly audit   'ajv-keywords': [ '5.1.0' ],
49 silly audit   send: [ '0.19.1', '0.19.0' ],
49 silly audit   'serialize-error': [ '2.1.0' ],
49 silly audit   'serve-static': [ '1.16.2' ],
49 silly audit   'server-only': [ '0.0.1' ],
49 silly audit   'set-function-length': [ '1.2.2' ],
49 silly audit   'set-function-name': [ '2.0.2' ],
49 silly audit   'set-proto': [ '1.0.0' ],
49 silly audit   setimmediate: [ '1.0.5' ],
49 silly audit   setprototypeof: [ '1.2.0' ],
49 silly audit   'sf-symbols-typescript': [ '2.1.0' ],
49 silly audit   shallowequal: [ '1.1.0' ],
49 silly audit   'shebang-command': [ '2.0.0' ],
49 silly audit   'shebang-regex': [ '3.0.0' ],
49 silly audit   'shell-quote': [ '1.8.2' ],
49 silly audit   'side-channel': [ '1.1.0' ],
49 silly audit   'side-channel-list': [ '1.0.0' ],
49 silly audit   'side-channel-map': [ '1.0.1' ],
49 silly audit   'side-channel-weakmap': [ '1.0.2' ],
49 silly audit   'simple-plist': [ '1.3.1' ],
49 silly audit   'simple-swizzle': [ '0.2.2' ],
49 silly audit   sisteransi: [ '1.0.5' ],
49 silly audit   slash: [ '3.0.0' ],
49 silly audit   slugify: [ '1.6.6' ],
49 silly audit   'source-map-js': [ '1.2.1' ],
49 silly audit   'source-map-support': [ '0.5.21' ],
49 silly audit   'split-on-first': [ '1.1.0' ],
49 silly audit   'sprintf-js': [ '1.0.3' ],
49 silly audit   'stable-hash': [ '0.0.5' ],
49 silly audit   'stack-utils': [ '2.0.6' ],
49 silly audit   stackframe: [ '1.3.4' ],
49 silly audit   'stacktrace-parser': [ '0.1.11' ],
49 silly audit   'stop-iteration-iterator': [ '1.1.0' ],
49 silly audit   'stream-buffers': [ '2.2.0' ],
49 silly audit   'strict-uri-encode': [ '2.0.0' ],
49 silly audit   'string.prototype.matchall': [ '4.0.12' ],
49 silly audit   'string.prototype.repeat': [ '1.0.0' ],
49 silly audit   'string.prototype.trim': [ '1.2.10' ],
49 silly audit   'string.prototype.trimend': [ '1.0.9' ],
49 silly audit   'string.prototype.trimstart': [ '1.0.8' ],
49 silly audit   'strip-bom': [ '3.0.0' ],
49 silly audit   'structured-headers': [ '0.4.1' ],
49 silly audit   styleq: [ '0.1.3' ],
49 silly audit   sucrase: [ '3.35.0' ],
49 silly audit   'supports-hyperlinks': [ '2.3.0' ],
49 silly audit   'supports-preserve-symlinks-flag': [ '1.0.0' ],
49 silly audit   tar: [ '7.4.3' ],
49 silly audit   yallist: [ '5.0.0', '3.1.1' ],
49 silly audit   'temp-dir': [ '2.0.0' ],
49 silly audit   'terminal-link': [ '2.1.1' ],
49 silly audit   terser: [ '5.40.0' ],
49 silly audit   'test-exclude': [ '6.0.0' ],
49 silly audit   thenify: [ '3.3.1' ],
49 silly audit   'thenify-all': [ '1.6.0' ],
49 silly audit   throat: [ '5.0.0' ],
49 silly audit   tinyglobby: [ '0.2.14' ],
49 silly audit   tmpl: [ '1.0.5' ],
49 silly audit   'to-regex-range': [ '5.0.1' ],
49 silly audit   toidentifier: [ '1.0.1' ],
49 silly audit   tr46: [ '0.0.3' ],
49 silly audit   'ts-api-utils': [ '2.1.0' ],
49 silly audit   'ts-interface-checker': [ '0.1.13' ],
49 silly audit   'tsconfig-paths': [ '3.15.0' ],
49 silly audit   tslib: [ '2.8.1' ],
49 silly audit   'type-check': [ '0.4.0' ],
49 silly audit   'type-detect': [ '4.0.8' ],
49 silly audit   'typed-array-buffer': [ '1.0.3' ],
49 silly audit   'typed-array-byte-length': [ '1.0.3' ],
49 silly audit   'typed-array-byte-offset': [ '1.0.4' ],
49 silly audit   'typed-array-length': [ '1.0.7' ],
49 silly audit   typescript: [ '5.8.3' ],
49 silly audit   'ua-parser-js': [ '1.0.40' ],
49 silly audit   'unbox-primitive': [ '1.1.0' ],
49 silly audit   undici: [ '6.21.3' ],
49 silly audit   'undici-types': [ '6.21.0' ],
49 silly audit   'unicode-canonical-property-names-ecmascript': [ '2.0.1' ],
49 silly audit   'unicode-match-property-ecmascript': [ '2.0.0' ],
49 silly audit   'unicode-match-property-value-ecmascript': [ '2.2.0' ],
49 silly audit   'unicode-property-aliases-ecmascript': [ '2.1.0' ],
49 silly audit   'unique-string': [ '2.0.0' ],
49 silly audit   unpipe: [ '1.0.0' ],
49 silly audit   'unrs-resolver': [ '1.7.8' ],
49 silly audit   'update-browserslist-db': [ '1.1.3' ],
49 silly audit   'uri-js': [ '4.4.1' ],
49 silly audit   'use-latest-callback': [ '0.2.3' ],
49 silly audit   'use-sync-external-store': [ '1.5.0' ],
49 silly audit   'utils-merge': [ '1.0.1' ],
49 silly audit   uuid: [ '7.0.3' ],
49 silly audit   'validate-npm-package-name': [ '5.0.1' ],
49 silly audit   vary: [ '1.1.2' ],
49 silly audit   vlq: [ '1.0.1' ],
49 silly audit   walker: [ '1.0.8' ],
49 silly audit   'warn-once': [ '0.1.1' ],
49 silly audit   wcwidth: [ '1.0.1' ],
49 silly audit   'webidl-conversions': [ '3.0.1', '5.0.0' ],
49 silly audit   'whatwg-fetch': [ '3.6.20' ],
49 silly audit   'whatwg-url': [ '5.0.0' ],
49 silly audit   'whatwg-url-without-unicode': [ '8.0.0-3' ],
49 silly audit   which: [ '2.0.2' ],
49 silly audit   'which-boxed-primitive': [ '1.1.1' ],
49 silly audit   'which-builtin-type': [ '1.2.1' ],
49 silly audit   'which-collection': [ '1.0.2' ],
49 silly audit   'which-typed-array': [ '1.1.19' ],
49 silly audit   wonka: [ '6.3.5' ],
49 silly audit   'word-wrap': [ '1.2.5' ],
49 silly audit   wrappy: [ '1.0.2' ],
49 silly audit   'write-file-atomic': [ '4.0.2' ],
49 silly audit   xcode: [ '3.0.1' ],
49 silly audit   xml2js: [ '0.6.0' ],
49 silly audit   xmlbuilder: [ '11.0.1', '15.1.1' ],
49 silly audit   y18n: [ '5.0.8' ],
49 silly audit   'yocto-queue': [ '0.1.0' ],
49 silly audit   'expo-linear-gradient': [ '14.1.4' ]
49 silly audit }
50 verbose reify failed optional dependency C:\Users\ASUS\purificador-app\node_modules\lightningcss-win32-arm64-msvc
51 silly reify mark deleted [
51 silly reify   'C:\\Users\\ASUS\\purificador-app\\node_modules\\lightningcss-win32-arm64-msvc'
51 silly reify ]
52 verbose reify failed optional dependency C:\Users\ASUS\purificador-app\node_modules\lightningcss-linux-x64-musl
53 silly reify mark deleted [
53 silly reify   'C:\\Users\\ASUS\\purificador-app\\node_modules\\lightningcss-linux-x64-musl'
53 silly reify ]
54 verbose reify failed optional dependency C:\Users\ASUS\purificador-app\node_modules\lightningcss-linux-x64-gnu
55 silly reify mark deleted [
55 silly reify   'C:\\Users\\ASUS\\purificador-app\\node_modules\\lightningcss-linux-x64-gnu'
55 silly reify ]
56 verbose reify failed optional dependency C:\Users\ASUS\purificador-app\node_modules\lightningcss-linux-arm64-musl
57 silly reify mark deleted [
57 silly reify   'C:\\Users\\ASUS\\purificador-app\\node_modules\\lightningcss-linux-arm64-musl'
57 silly reify ]
58 verbose reify failed optional dependency C:\Users\ASUS\purificador-app\node_modules\lightningcss-linux-arm64-gnu
59 silly reify mark deleted [
59 silly reify   'C:\\Users\\ASUS\\purificador-app\\node_modules\\lightningcss-linux-arm64-gnu'
59 silly reify ]
60 verbose reify failed optional dependency C:\Users\ASUS\purificador-app\node_modules\lightningcss-linux-arm-gnueabihf
61 silly reify mark deleted [
61 silly reify   'C:\\Users\\ASUS\\purificador-app\\node_modules\\lightningcss-linux-arm-gnueabihf'
61 silly reify ]
62 verbose reify failed optional dependency C:\Users\ASUS\purificador-app\node_modules\lightningcss-freebsd-x64
63 silly reify mark deleted [
63 silly reify   'C:\\Users\\ASUS\\purificador-app\\node_modules\\lightningcss-freebsd-x64'
63 silly reify ]
64 verbose reify failed optional dependency C:\Users\ASUS\purificador-app\node_modules\lightningcss-darwin-x64
65 silly reify mark deleted [
65 silly reify   'C:\\Users\\ASUS\\purificador-app\\node_modules\\lightningcss-darwin-x64'
65 silly reify ]
66 verbose reify failed optional dependency C:\Users\ASUS\purificador-app\node_modules\lightningcss-darwin-arm64
67 silly reify mark deleted [
67 silly reify   'C:\\Users\\ASUS\\purificador-app\\node_modules\\lightningcss-darwin-arm64'
67 silly reify ]
68 verbose reify failed optional dependency C:\Users\ASUS\purificador-app\node_modules\fsevents
69 silly reify mark deleted [ 'C:\\Users\\ASUS\\purificador-app\\node_modules\\fsevents' ]
70 verbose reify failed optional dependency C:\Users\ASUS\purificador-app\node_modules\@unrs\resolver-binding-win32-ia32-msvc
71 silly reify mark deleted [
71 silly reify   'C:\\Users\\ASUS\\purificador-app\\node_modules\\@unrs\\resolver-binding-win32-ia32-msvc'
71 silly reify ]
72 verbose reify failed optional dependency C:\Users\ASUS\purificador-app\node_modules\@unrs\resolver-binding-win32-arm64-msvc
73 silly reify mark deleted [
73 silly reify   'C:\\Users\\ASUS\\purificador-app\\node_modules\\@unrs\\resolver-binding-win32-arm64-msvc'
73 silly reify ]
74 verbose reify failed optional dependency C:\Users\ASUS\purificador-app\node_modules\@unrs\resolver-binding-wasm32-wasi
75 silly reify mark deleted [
75 silly reify   'C:\\Users\\ASUS\\purificador-app\\node_modules\\@unrs\\resolver-binding-wasm32-wasi'
75 silly reify ]
76 verbose reify failed optional dependency C:\Users\ASUS\purificador-app\node_modules\@napi-rs\wasm-runtime
77 silly reify mark deleted [
77 silly reify   'C:\\Users\\ASUS\\purificador-app\\node_modules\\@napi-rs\\wasm-runtime'
77 silly reify ]
78 verbose reify failed optional dependency C:\Users\ASUS\purificador-app\node_modules\@emnapi\core
79 silly reify mark deleted [ 'C:\\Users\\ASUS\\purificador-app\\node_modules\\@emnapi\\core' ]
80 verbose reify failed optional dependency C:\Users\ASUS\purificador-app\node_modules\@emnapi\runtime
81 silly reify mark deleted [ 'C:\\Users\\ASUS\\purificador-app\\node_modules\\@emnapi\\runtime' ]
82 verbose reify failed optional dependency C:\Users\ASUS\purificador-app\node_modules\@tybys\wasm-util
83 silly reify mark deleted [ 'C:\\Users\\ASUS\\purificador-app\\node_modules\\@tybys\\wasm-util' ]
84 verbose reify failed optional dependency C:\Users\ASUS\purificador-app\node_modules\@emnapi\wasi-threads
85 silly reify mark deleted [
85 silly reify   'C:\\Users\\ASUS\\purificador-app\\node_modules\\@emnapi\\wasi-threads'
85 silly reify ]
86 verbose reify failed optional dependency C:\Users\ASUS\purificador-app\node_modules\tslib
87 silly reify mark deleted [ 'C:\\Users\\ASUS\\purificador-app\\node_modules\\tslib' ]
88 verbose reify failed optional dependency C:\Users\ASUS\purificador-app\node_modules\@unrs\resolver-binding-linux-x64-musl
89 silly reify mark deleted [
89 silly reify   'C:\\Users\\ASUS\\purificador-app\\node_modules\\@unrs\\resolver-binding-linux-x64-musl'
89 silly reify ]
90 verbose reify failed optional dependency C:\Users\ASUS\purificador-app\node_modules\@unrs\resolver-binding-linux-x64-gnu
91 silly reify mark deleted [
91 silly reify   'C:\\Users\\ASUS\\purificador-app\\node_modules\\@unrs\\resolver-binding-linux-x64-gnu'
91 silly reify ]
92 verbose reify failed optional dependency C:\Users\ASUS\purificador-app\node_modules\@unrs\resolver-binding-linux-s390x-gnu
93 silly reify mark deleted [
93 silly reify   'C:\\Users\\ASUS\\purificador-app\\node_modules\\@unrs\\resolver-binding-linux-s390x-gnu'
93 silly reify ]
94 verbose reify failed optional dependency C:\Users\ASUS\purificador-app\node_modules\@unrs\resolver-binding-linux-riscv64-musl
95 silly reify mark deleted [
95 silly reify   'C:\\Users\\ASUS\\purificador-app\\node_modules\\@unrs\\resolver-binding-linux-riscv64-musl'
95 silly reify ]
96 verbose reify failed optional dependency C:\Users\ASUS\purificador-app\node_modules\@unrs\resolver-binding-linux-riscv64-gnu
97 silly reify mark deleted [
97 silly reify   'C:\\Users\\ASUS\\purificador-app\\node_modules\\@unrs\\resolver-binding-linux-riscv64-gnu'
97 silly reify ]
98 verbose reify failed optional dependency C:\Users\ASUS\purificador-app\node_modules\@unrs\resolver-binding-linux-ppc64-gnu
99 silly reify mark deleted [
99 silly reify   'C:\\Users\\ASUS\\purificador-app\\node_modules\\@unrs\\resolver-binding-linux-ppc64-gnu'
99 silly reify ]
100 verbose reify failed optional dependency C:\Users\ASUS\purificador-app\node_modules\@unrs\resolver-binding-linux-arm64-musl
101 silly reify mark deleted [
101 silly reify   'C:\\Users\\ASUS\\purificador-app\\node_modules\\@unrs\\resolver-binding-linux-arm64-musl'
101 silly reify ]
102 verbose reify failed optional dependency C:\Users\ASUS\purificador-app\node_modules\@unrs\resolver-binding-linux-arm64-gnu
103 silly reify mark deleted [
103 silly reify   'C:\\Users\\ASUS\\purificador-app\\node_modules\\@unrs\\resolver-binding-linux-arm64-gnu'
103 silly reify ]
104 verbose reify failed optional dependency C:\Users\ASUS\purificador-app\node_modules\@unrs\resolver-binding-linux-arm-musleabihf
105 silly reify mark deleted [
105 silly reify   'C:\\Users\\ASUS\\purificador-app\\node_modules\\@unrs\\resolver-binding-linux-arm-musleabihf'
105 silly reify ]
106 verbose reify failed optional dependency C:\Users\ASUS\purificador-app\node_modules\@unrs\resolver-binding-linux-arm-gnueabihf
107 silly reify mark deleted [
107 silly reify   'C:\\Users\\ASUS\\purificador-app\\node_modules\\@unrs\\resolver-binding-linux-arm-gnueabihf'
107 silly reify ]
108 verbose reify failed optional dependency C:\Users\ASUS\purificador-app\node_modules\@unrs\resolver-binding-freebsd-x64
109 silly reify mark deleted [
109 silly reify   'C:\\Users\\ASUS\\purificador-app\\node_modules\\@unrs\\resolver-binding-freebsd-x64'
109 silly reify ]
110 verbose reify failed optional dependency C:\Users\ASUS\purificador-app\node_modules\@unrs\resolver-binding-darwin-x64
111 silly reify mark deleted [
111 silly reify   'C:\\Users\\ASUS\\purificador-app\\node_modules\\@unrs\\resolver-binding-darwin-x64'
111 silly reify ]
112 verbose reify failed optional dependency C:\Users\ASUS\purificador-app\node_modules\@unrs\resolver-binding-darwin-arm64
113 silly reify mark deleted [
113 silly reify   'C:\\Users\\ASUS\\purificador-app\\node_modules\\@unrs\\resolver-binding-darwin-arm64'
113 silly reify ]
114 http cache @tybys/wasm-util@https://registry.npmjs.org/@tybys/wasm-util/-/wasm-util-0.9.0.tgz 0ms (cache hit)
115 http cache @emnapi/core@https://registry.npmjs.org/@emnapi/core/-/core-1.4.3.tgz 1ms (cache hit)
116 http cache @napi-rs/wasm-runtime@https://registry.npmjs.org/@napi-rs/wasm-runtime/-/wasm-runtime-0.2.10.tgz 0ms (cache hit)
117 http cache @emnapi/runtime@https://registry.npmjs.org/@emnapi/runtime/-/runtime-1.4.3.tgz 0ms (cache hit)
118 http cache @emnapi/wasi-threads@https://registry.npmjs.org/@emnapi/wasi-threads/-/wasi-threads-1.0.2.tgz 0ms (cache hit)
119 http cache expo-linear-gradient@https://registry.npmjs.org/expo-linear-gradient/-/expo-linear-gradient-14.1.4.tgz 0ms (cache hit)
120 http cache tslib@https://registry.npmjs.org/tslib/-/tslib-2.8.1.tgz 0ms (cache hit)
121 silly tarball no local data for expo-linear-gradient@https://registry.npmjs.org/expo-linear-gradient/-/expo-linear-gradient-14.1.4.tgz. Extracting by manifest.
122 http fetch POST 200 https://registry.npmjs.org/-/npm/v1/security/advisories/bulk 222ms
123 silly audit report {}
124 http fetch GET 200 https://registry.npmjs.org/expo-linear-gradient/-/expo-linear-gradient-14.1.4.tgz 281ms (cache miss)
125 silly ADD node_modules/expo-linear-gradient
126 silly ADD
127 silly ADD
128 silly ADD
129 silly ADD
130 silly ADD
131 silly ADD
132 silly ADD
133 silly ADD
134 silly ADD
135 silly ADD
136 silly ADD
137 silly ADD
138 silly ADD
139 silly ADD
140 silly ADD
141 silly ADD
142 silly ADD
143 silly ADD
144 silly ADD
145 silly ADD
146 silly ADD
147 silly ADD
148 silly ADD
149 silly ADD
150 silly ADD
151 silly ADD
152 silly ADD
153 silly ADD
154 silly ADD
155 silly ADD
156 silly ADD
157 silly ADD
158 verbose cwd C:\Users\ASUS\purificador-app
159 verbose os Windows_NT 10.0.26100
160 verbose node v20.17.0
161 verbose npm  v11.2.0
162 verbose exit 0
163 info ok
